# JRE version: Java(TM) SE Runtime Environment (20.0.1+9) (build 20.0.1+9-29)
# Java VM: Java HotSpot(TM) 64-Bit Server VM (20.0.1+9-29, mixed mode, sharing, tiered, compressed oops, compressed class ptrs, g1 gc, windows-amd64)
GC Precious Log:
 CardTable entry size: 512
 Card Set container configuration: InlinePtr #cards 4 size 8 Array Of Cards #cards 16 size 48 Howl #buckets 8 coarsen threshold 3686 Howl Bitmap #cards 512 size 80 coarsen threshold 460 Card regions per heap region 1 cards per card region 4096
 CPUs: 8 total, 8 available
 Memory: 16225M
 Large Page Support: Disabled
 NUMA Support: Disabled
 Compressed Oops: Enabled (Zero based)
 Heap Region Size: 2M
 Heap Min Capacity: 8M
 Heap Initial Capacity: 254M
 Heap Max Capacity: 4058M
 Pre-touch: Disabled
 Parallel Workers: 8
 Concurrent Workers: 2
 Concurrent Refinement Workers: 8
 Periodic GC: Disabled
Heap:
 garbage-first heap   total 741376K, used 306745K [0x0000000702600000, 0x0000000800000000)
  region size 2048K, 4 young (8192K), 1 survivors (2048K)
 Metaspace       used 28808K, committed 29248K, reserved 1114112K
  class space    used 3721K, committed 3904K, reserved 1048576K
GC Heap History (20 events):
Event: 294.323 GC heap before
{Heap before GC invocations=171 (full 0):
 garbage-first heap   total 741376K, used 333369K [0x0000000702600000, 0x0000000800000000)
  region size 2048K, 2 young (4096K), 1 survivors (2048K)
 Metaspace       used 28805K, committed 29248K, reserved 1114112K
  class space    used 3720K, committed 3904K, reserved 1048576K
}
Event: 294.324 GC heap after
{Heap after GC invocations=172 (full 0):
 garbage-first heap   total 741376K, used 153143K [0x0000000702600000, 0x0000000800000000)
  region size 2048K, 1 young (2048K), 1 survivors (2048K)
 Metaspace       used 28805K, committed 29248K, reserved 1114112K
  class space    used 3720K, committed 3904K, reserved 1048576K
}
Event: 295.802 GC heap before
{Heap before GC invocations=172 (full 0):
 garbage-first heap   total 741376K, used 333367K [0x0000000702600000, 0x0000000800000000)
  region size 2048K, 2 young (4096K), 1 survivors (2048K)
 Metaspace       used 28805K, committed 29248K, reserved 1114112K
  class space    used 3720K, committed 3904K, reserved 1048576K
}
Event: 295.803 GC heap after
{Heap after GC invocations=173 (full 0):
 garbage-first heap   total 741376K, used 153143K [0x0000000702600000, 0x0000000800000000)
  region size 2048K, 1 young (2048K), 1 survivors (2048K)
 Metaspace       used 28805K, committed 29248K, reserved 1114112K
  class space    used 3720K, committed 3904K, reserved 1048576K
}
Event: 297.276 GC heap before
{Heap before GC invocations=173 (full 0):
 garbage-first heap   total 741376K, used 333367K [0x0000000702600000, 0x0000000800000000)
  region size 2048K, 2 young (4096K), 1 survivors (2048K)
 Metaspace       used 28805K, committed 29248K, reserved 1114112K
  class space    used 3720K, committed 3904K, reserved 1048576K
}
Event: 297.277 GC heap after
{Heap after GC invocations=174 (full 0):
 garbage-first heap   total 741376K, used 153143K [0x0000000702600000, 0x0000000800000000)
  region size 2048K, 1 young (2048K), 1 survivors (2048K)
 Metaspace       used 28805K, committed 29248K, reserved 1114112K
  class space    used 3720K, committed 3904K, reserved 1048576K
}
Event: 298.732 GC heap before
{Heap before GC invocations=174 (full 0):
 garbage-first heap   total 741376K, used 333367K [0x0000000702600000, 0x0000000800000000)
  region size 2048K, 2 young (4096K), 1 survivors (2048K)
 Metaspace       used 28805K, committed 29248K, reserved 1114112K
  class space    used 3720K, committed 3904K, reserved 1048576K
}
Event: 298.733 GC heap after
{Heap after GC invocations=175 (full 0):
 garbage-first heap   total 741376K, used 153141K [0x0000000702600000, 0x0000000800000000)
  region size 2048K, 1 young (2048K), 1 survivors (2048K)
 Metaspace       used 28805K, committed 29248K, reserved 1114112K
  class space    used 3720K, committed 3904K, reserved 1048576K
}
Event: 300.206 GC heap before
{Heap before GC invocations=175 (full 0):
 garbage-first heap   total 741376K, used 333365K [0x0000000702600000, 0x0000000800000000)
  region size 2048K, 2 young (4096K), 1 survivors (2048K)
 Metaspace       used 28805K, committed 29248K, reserved 1114112K
  class space    used 3720K, committed 3904K, reserved 1048576K
}
Event: 300.207 GC heap after
{Heap after GC invocations=176 (full 0):
 garbage-first heap   total 741376K, used 153141K [0x0000000702600000, 0x0000000800000000)
  region size 2048K, 1 young (2048K), 1 survivors (2048K)
 Metaspace       used 28805K, committed 29248K, reserved 1114112K
  class space    used 3720K, committed 3904K, reserved 1048576K
}
Event: 301.677 GC heap before
{Heap before GC invocations=176 (full 0):
 garbage-first heap   total 741376K, used 335413K [0x0000000702600000, 0x0000000800000000)
  region size 2048K, 3 young (6144K), 1 survivors (2048K)
 Metaspace       used 28805K, committed 29248K, reserved 1114112K
  class space    used 3720K, committed 3904K, reserved 1048576K
}
Event: 301.678 GC heap after
{Heap after GC invocations=177 (full 0):
 garbage-first heap   total 741376K, used 153145K [0x0000000702600000, 0x0000000800000000)
  region size 2048K, 1 young (2048K), 1 survivors (2048K)
 Metaspace       used 28805K, committed 29248K, reserved 1114112K
  class space    used 3720K, committed 3904K, reserved 1048576K
}
Event: 303.133 GC heap before
{Heap before GC invocations=177 (full 0):
 garbage-first heap   total 741376K, used 333369K [0x0000000702600000, 0x0000000800000000)
  region size 2048K, 2 young (4096K), 1 survivors (2048K)
 Metaspace       used 28805K, committed 29248K, reserved 1114112K
  class space    used 3720K, committed 3904K, reserved 1048576K
}
Event: 303.134 GC heap after
{Heap after GC invocations=178 (full 0):
 garbage-first heap   total 741376K, used 153143K [0x0000000702600000, 0x0000000800000000)
  region size 2048K, 1 young (2048K), 1 survivors (2048K)
 Metaspace       used 28805K, committed 29248K, reserved 1114112K
  class space    used 3720K, committed 3904K, reserved 1048576K
}
Event: 304.605 GC heap before
{Heap before GC invocations=178 (full 0):
 garbage-first heap   total 741376K, used 333367K [0x0000000702600000, 0x0000000800000000)
  region size 2048K, 2 young (4096K), 1 survivors (2048K)
 Metaspace       used 28805K, committed 29248K, reserved 1114112K
  class space    used 3720K, committed 3904K, reserved 1048576K
}
Event: 304.606 GC heap after
{Heap after GC invocations=179 (full 0):
 garbage-first heap   total 741376K, used 153143K [0x0000000702600000, 0x0000000800000000)
  region size 2048K, 1 young (2048K), 1 survivors (2048K)
 Metaspace       used 28805K, committed 29248K, reserved 1114112K
  class space    used 3720K, committed 3904K, reserved 1048576K
}
Event: 306.076 GC heap before
{Heap before GC invocations=179 (full 0):
 garbage-first heap   total 741376K, used 335415K [0x0000000702600000, 0x0000000800000000)
  region size 2048K, 3 young (6144K), 1 survivors (2048K)
 Metaspace       used 28805K, committed 29248K, reserved 1114112K
  class space    used 3720K, committed 3904K, reserved 1048576K
}
Event: 306.077 GC heap after
{Heap after GC invocations=180 (full 0):
 garbage-first heap   total 741376K, used 153145K [0x0000000702600000, 0x0000000800000000)
  region size 2048K, 1 young (2048K), 1 survivors (2048K)
 Metaspace       used 28805K, committed 29248K, reserved 1114112K
  class space    used 3720K, committed 3904K, reserved 1048576K
}
Event: 307.532 GC heap before
{Heap before GC invocations=180 (full 0):
 garbage-first heap   total 741376K, used 335417K [0x0000000702600000, 0x0000000800000000)
  region size 2048K, 3 young (6144K), 1 survivors (2048K)
 Metaspace       used 28805K, committed 29248K, reserved 1114112K
  class space    used 3720K, committed 3904K, reserved 1048576K
}
Event: 307.532 GC heap after
{Heap after GC invocations=181 (full 0):
 garbage-first heap   total 741376K, used 153145K [0x0000000702600000, 0x0000000800000000)
  region size 2048K, 1 young (2048K), 1 survivors (2048K)
 Metaspace       used 28805K, committed 29248K, reserved 1114112K
  class space    used 3720K, committed 3904K, reserved 1048576K
}

