# JRE version: Java(TM) SE Runtime Environment (20.0.1+9) (build 20.0.1+9-29)
# Java VM: Java HotSpot(TM) 64-Bit Server VM (20.0.1+9-29, mixed mode, sharing, tiered, compressed oops, compressed class ptrs, g1 gc, windows-amd64)
GC Precious Log:
 CardTable entry size: 512
 Card Set container configuration: InlinePtr #cards 4 size 8 Array Of Cards #cards 16 size 48 Howl #buckets 8 coarsen threshold 3686 Howl Bitmap #cards 512 size 80 coarsen threshold 460 Card regions per heap region 1 cards per card region 4096
 CPUs: 8 total, 8 available
 Memory: 16225M
 Large Page Support: Disabled
 NUMA Support: Disabled
 Compressed Oops: Enabled (Zero based)
 Heap Region Size: 2M
 Heap Min Capacity: 8M
 Heap Initial Capacity: 254M
 Heap Max Capacity: 4058M
 Pre-touch: Disabled
 Parallel Workers: 8
 Concurrent Workers: 2
 Concurrent Refinement Workers: 8
 Periodic GC: Disabled
Heap:
 garbage-first heap   total 710656K, used 322605K [0x0000000702600000, 0x0000000800000000)
  region size 2048K, 5 young (10240K), 3 survivors (6144K)
 Metaspace       used 30419K, committed 30848K, reserved 1114112K
  class space    used 3780K, committed 3968K, reserved 1048576K
GC Heap History (20 events):
Event: 29.011 GC heap before
{Heap before GC invocations=9 (full 0):
 garbage-first heap   total 710656K, used 337404K [0x0000000702600000, 0x0000000800000000)
  region size 2048K, 10 young (20480K), 6 survivors (12288K)
 Metaspace       used 28498K, committed 28992K, reserved 1114112K
  class space    used 3689K, committed 3904K, reserved 1048576K
}
Event: 29.017 GC heap after
{Heap after GC invocations=10 (full 0):
 garbage-first heap   total 710656K, used 156227K [0x0000000702600000, 0x0000000800000000)
  region size 2048K, 6 young (12288K), 6 survivors (12288K)
 Metaspace       used 28498K, committed 28992K, reserved 1114112K
  class space    used 3689K, committed 3904K, reserved 1048576K
}
Event: 30.410 GC heap before
{Heap before GC invocations=10 (full 0):
 garbage-first heap   total 710656K, used 334403K [0x0000000702600000, 0x0000000800000000)
  region size 2048K, 9 young (18432K), 6 survivors (12288K)
 Metaspace       used 28552K, committed 28992K, reserved 1114112K
  class space    used 3689K, committed 3904K, reserved 1048576K
}
Event: 30.415 GC heap after
{Heap after GC invocations=11 (full 0):
 garbage-first heap   total 710656K, used 146587K [0x0000000702600000, 0x0000000800000000)
  region size 2048K, 6 young (12288K), 6 survivors (12288K)
 Metaspace       used 28552K, committed 28992K, reserved 1114112K
  class space    used 3689K, committed 3904K, reserved 1048576K
}
Event: 31.895 GC heap before
{Heap before GC invocations=11 (full 0):
 garbage-first heap   total 710656K, used 337051K [0x0000000702600000, 0x0000000800000000)
  region size 2048K, 11 young (22528K), 6 survivors (12288K)
 Metaspace       used 29862K, committed 30336K, reserved 1114112K
  class space    used 3693K, committed 3904K, reserved 1048576K
}
Event: 31.900 GC heap after
{Heap after GC invocations=12 (full 0):
 garbage-first heap   total 710656K, used 224532K [0x0000000702600000, 0x0000000800000000)
  region size 2048K, 6 young (12288K), 6 survivors (12288K)
 Metaspace       used 29862K, committed 30336K, reserved 1114112K
  class space    used 3693K, committed 3904K, reserved 1048576K
}
Event: 32.763 GC heap before
{Heap before GC invocations=12 (full 0):
 garbage-first heap   total 710656K, used 333076K [0x0000000702600000, 0x0000000800000000)
  region size 2048K, 8 young (16384K), 6 survivors (12288K)
 Metaspace       used 29862K, committed 30336K, reserved 1114112K
  class space    used 3693K, committed 3904K, reserved 1048576K
}
Event: 32.767 GC heap after
{Heap after GC invocations=13 (full 0):
 garbage-first heap   total 710656K, used 237919K [0x0000000702600000, 0x0000000800000000)
  region size 2048K, 6 young (12288K), 6 survivors (12288K)
 Metaspace       used 29862K, committed 30336K, reserved 1114112K
  class space    used 3693K, committed 3904K, reserved 1048576K
}
Event: 33.536 GC heap before
{Heap before GC invocations=13 (full 0):
 garbage-first heap   total 710656K, used 334175K [0x0000000702600000, 0x0000000800000000)
  region size 2048K, 9 young (18432K), 6 survivors (12288K)
 Metaspace       used 30228K, committed 30656K, reserved 1114112K
  class space    used 3747K, committed 3968K, reserved 1048576K
}
Event: 33.540 GC heap after
{Heap after GC invocations=14 (full 0):
 garbage-first heap   total 710656K, used 277546K [0x0000000702600000, 0x0000000800000000)
  region size 2048K, 6 young (12288K), 6 survivors (12288K)
 Metaspace       used 30228K, committed 30656K, reserved 1114112K
  class space    used 3747K, committed 3968K, reserved 1048576K
}
Event: 33.969 GC heap before
{Heap before GC invocations=15 (full 0):
 garbage-first heap   total 710656K, used 332842K [0x0000000702600000, 0x0000000800000000)
  region size 2048K, 8 young (16384K), 6 survivors (12288K)
 Metaspace       used 30228K, committed 30656K, reserved 1114112K
  class space    used 3747K, committed 3968K, reserved 1048576K
}
Event: 33.973 GC heap after
{Heap after GC invocations=16 (full 0):
 garbage-first heap   total 710656K, used 283356K [0x0000000702600000, 0x0000000800000000)
  region size 2048K, 6 young (12288K), 6 survivors (12288K)
 Metaspace       used 30228K, committed 30656K, reserved 1114112K
  class space    used 3747K, committed 3968K, reserved 1048576K
}
Event: 34.340 GC heap before
{Heap before GC invocations=16 (full 0):
 garbage-first heap   total 710656K, used 332508K [0x0000000702600000, 0x0000000800000000)
  region size 2048K, 8 young (16384K), 6 survivors (12288K)
 Metaspace       used 30263K, committed 30656K, reserved 1114112K
  class space    used 3747K, committed 3968K, reserved 1048576K
}
Event: 34.347 GC heap after
{Heap after GC invocations=17 (full 0):
 garbage-first heap   total 710656K, used 304126K [0x0000000702600000, 0x0000000800000000)
  region size 2048K, 6 young (12288K), 6 survivors (12288K)
 Metaspace       used 30263K, committed 30656K, reserved 1114112K
  class space    used 3747K, committed 3968K, reserved 1048576K
}
Event: 34.579 GC heap before
{Heap before GC invocations=17 (full 0):
 garbage-first heap   total 710656K, used 334846K [0x0000000702600000, 0x0000000800000000)
  region size 2048K, 9 young (18432K), 6 survivors (12288K)
 Metaspace       used 30411K, committed 30848K, reserved 1114112K
  class space    used 3780K, committed 3968K, reserved 1048576K
}
Event: 34.584 GC heap after
{Heap after GC invocations=18 (full 0):
 garbage-first heap   total 710656K, used 308962K [0x0000000702600000, 0x0000000800000000)
  region size 2048K, 6 young (12288K), 6 survivors (12288K)
 Metaspace       used 30411K, committed 30848K, reserved 1114112K
  class space    used 3780K, committed 3968K, reserved 1048576K
}
Event: 34.746 GC heap before
{Heap before GC invocations=18 (full 0):
 garbage-first heap   total 710656K, used 331490K [0x0000000702600000, 0x0000000800000000)
  region size 2048K, 7 young (14336K), 6 survivors (12288K)
 Metaspace       used 30411K, committed 30848K, reserved 1114112K
  class space    used 3780K, committed 3968K, reserved 1048576K
}
Event: 34.751 GC heap after
{Heap after GC invocations=19 (full 0):
 garbage-first heap   total 710656K, used 317725K [0x0000000702600000, 0x0000000800000000)
  region size 2048K, 7 young (14336K), 7 survivors (14336K)
 Metaspace       used 30411K, committed 30848K, reserved 1114112K
  class space    used 3780K, committed 3968K, reserved 1048576K
}
Event: 34.876 GC heap before
{Heap before GC invocations=19 (full 0):
 garbage-first heap   total 710656K, used 336157K [0x0000000702600000, 0x0000000800000000)
  region size 2048K, 10 young (20480K), 7 survivors (14336K)
 Metaspace       used 30419K, committed 30848K, reserved 1114112K
  class space    used 3780K, committed 3968K, reserved 1048576K
}
Event: 34.880 GC heap after
{Heap after GC invocations=20 (full 0):
 garbage-first heap   total 710656K, used 316461K [0x0000000702600000, 0x0000000800000000)
  region size 2048K, 3 young (6144K), 3 survivors (6144K)
 Metaspace       used 30419K, committed 30848K, reserved 1114112K
  class space    used 3780K, committed 3968K, reserved 1048576K
}

