# JRE version: Java(TM) SE Runtime Environment (20.0.1+9) (build 20.0.1+9-29)
# Java VM: Java HotSpot(TM) 64-Bit Server VM (20.0.1+9-29, mixed mode, sharing, tiered, compressed oops, compressed class ptrs, g1 gc, windows-amd64)
GC Precious Log:
 CardTable entry size: 512
 Card Set container configuration: InlinePtr #cards 4 size 8 Array Of Cards #cards 16 size 48 Howl #buckets 8 coarsen threshold 3686 Howl Bitmap #cards 512 size 80 coarsen threshold 460 Card regions per heap region 1 cards per card region 4096
 CPUs: 8 total, 8 available
 Memory: 16225M
 Large Page Support: Disabled
 NUMA Support: Disabled
 Compressed Oops: Enabled (Zero based)
 Heap Region Size: 2M
 Heap Min Capacity: 8M
 Heap Initial Capacity: 254M
 Heap Max Capacity: 4058M
 Pre-touch: Disabled
 Parallel Workers: 8
 Concurrent Workers: 2
 Concurrent Refinement Workers: 8
 Periodic GC: Disabled
Heap:
 garbage-first heap   total 432128K, used 354024K [0x0000000702600000, 0x0000000800000000)
  region size 2048K, 8 young (16384K), 1 survivors (2048K)
 Metaspace       used 33067K, committed 33664K, reserved 1114112K
  class space    used 4012K, committed 4288K, reserved 1048576K
GC Heap History (20 events):
Event: 388.048 GC heap before
{Heap before GC invocations=1886 (full 0):
 garbage-first heap   total 286720K, used 132625K [0x0000000702600000, 0x0000000800000000)
  region size 2048K, 4 young (8192K), 1 survivors (2048K)
 Metaspace       used 31213K, committed 31872K, reserved 1114112K
  class space    used 3919K, committed 4224K, reserved 1048576K
}
Event: 388.049 GC heap after
{Heap after GC invocations=1887 (full 0):
 garbage-first heap   total 286720K, used 103965K [0x0000000702600000, 0x0000000800000000)
  region size 2048K, 1 young (2048K), 1 survivors (2048K)
 Metaspace       used 31213K, committed 31872K, reserved 1114112K
  class space    used 3919K, committed 4224K, reserved 1048576K
}
Event: 388.239 GC heap before
{Heap before GC invocations=1887 (full 0):
 garbage-first heap   total 286720K, used 130589K [0x0000000702600000, 0x0000000800000000)
  region size 2048K, 3 young (6144K), 1 survivors (2048K)
 Metaspace       used 31213K, committed 31872K, reserved 1114112K
  class space    used 3919K, committed 4224K, reserved 1048576K
}
Event: 388.240 GC heap after
{Heap after GC invocations=1888 (full 0):
 garbage-first heap   total 286720K, used 103976K [0x0000000702600000, 0x0000000800000000)
  region size 2048K, 1 young (2048K), 1 survivors (2048K)
 Metaspace       used 31213K, committed 31872K, reserved 1114112K
  class space    used 3919K, committed 4224K, reserved 1048576K
}
Event: 388.447 GC heap before
{Heap before GC invocations=1888 (full 0):
 garbage-first heap   total 286720K, used 132648K [0x0000000702600000, 0x0000000800000000)
  region size 2048K, 4 young (8192K), 1 survivors (2048K)
 Metaspace       used 31213K, committed 31872K, reserved 1114112K
  class space    used 3919K, committed 4224K, reserved 1048576K
}
Event: 388.449 GC heap after
{Heap after GC invocations=1889 (full 0):
 garbage-first heap   total 286720K, used 103967K [0x0000000702600000, 0x0000000800000000)
  region size 2048K, 1 young (2048K), 1 survivors (2048K)
 Metaspace       used 31213K, committed 31872K, reserved 1114112K
  class space    used 3919K, committed 4224K, reserved 1048576K
}
Event: 388.639 GC heap before
{Heap before GC invocations=1889 (full 0):
 garbage-first heap   total 286720K, used 132639K [0x0000000702600000, 0x0000000800000000)
  region size 2048K, 4 young (8192K), 1 survivors (2048K)
 Metaspace       used 31213K, committed 31872K, reserved 1114112K
  class space    used 3919K, committed 4224K, reserved 1048576K
}
Event: 388.640 GC heap after
{Heap after GC invocations=1890 (full 0):
 garbage-first heap   total 286720K, used 110119K [0x0000000702600000, 0x0000000800000000)
  region size 2048K, 1 young (2048K), 1 survivors (2048K)
 Metaspace       used 31213K, committed 31872K, reserved 1114112K
  class space    used 3919K, committed 4224K, reserved 1048576K
}
Event: 388.768 GC heap before
{Heap before GC invocations=1890 (full 0):
 garbage-first heap   total 286720K, used 130599K [0x0000000702600000, 0x0000000800000000)
  region size 2048K, 3 young (6144K), 1 survivors (2048K)
 Metaspace       used 31213K, committed 31872K, reserved 1114112K
  class space    used 3919K, committed 4224K, reserved 1048576K
}
Event: 388.769 GC heap after
{Heap after GC invocations=1891 (full 0):
 garbage-first heap   total 286720K, used 101925K [0x0000000702600000, 0x0000000800000000)
  region size 2048K, 1 young (2048K), 1 survivors (2048K)
 Metaspace       used 31213K, committed 31872K, reserved 1114112K
  class space    used 3919K, committed 4224K, reserved 1048576K
}
Event: 389.007 GC heap before
{Heap before GC invocations=1891 (full 0):
 garbage-first heap   total 286720K, used 132645K [0x0000000702600000, 0x0000000800000000)
  region size 2048K, 4 young (8192K), 1 survivors (2048K)
 Metaspace       used 31213K, committed 31872K, reserved 1114112K
  class space    used 3919K, committed 4224K, reserved 1048576K
}
Event: 389.009 GC heap after
{Heap after GC invocations=1892 (full 0):
 garbage-first heap   total 286720K, used 106025K [0x0000000702600000, 0x0000000800000000)
  region size 2048K, 1 young (2048K), 1 survivors (2048K)
 Metaspace       used 31213K, committed 31872K, reserved 1114112K
  class space    used 3919K, committed 4224K, reserved 1048576K
}
Event: 389.169 GC heap before
{Heap before GC invocations=1892 (full 0):
 garbage-first heap   total 286720K, used 132649K [0x0000000702600000, 0x0000000800000000)
  region size 2048K, 4 young (8192K), 1 survivors (2048K)
 Metaspace       used 31217K, committed 31872K, reserved 1114112K
  class space    used 3919K, committed 4224K, reserved 1048576K
}
Event: 389.170 GC heap after
{Heap after GC invocations=1893 (full 0):
 garbage-first heap   total 286720K, used 103983K [0x0000000702600000, 0x0000000800000000)
  region size 2048K, 1 young (2048K), 1 survivors (2048K)
 Metaspace       used 31217K, committed 31872K, reserved 1114112K
  class space    used 3919K, committed 4224K, reserved 1048576K
}
Event: 389.377 GC heap before
{Heap before GC invocations=1893 (full 0):
 garbage-first heap   total 286720K, used 132655K [0x0000000702600000, 0x0000000800000000)
  region size 2048K, 4 young (8192K), 1 survivors (2048K)
 Metaspace       used 31217K, committed 31872K, reserved 1114112K
  class space    used 3919K, committed 4224K, reserved 1048576K
}
Event: 389.379 GC heap after
{Heap after GC invocations=1894 (full 0):
 garbage-first heap   total 286720K, used 106043K [0x0000000702600000, 0x0000000800000000)
  region size 2048K, 1 young (2048K), 1 survivors (2048K)
 Metaspace       used 31217K, committed 31872K, reserved 1114112K
  class space    used 3919K, committed 4224K, reserved 1048576K
}
Event: 389.570 GC heap before
{Heap before GC invocations=1894 (full 0):
 garbage-first heap   total 286720K, used 130619K [0x0000000702600000, 0x0000000800000000)
  region size 2048K, 3 young (6144K), 1 survivors (2048K)
 Metaspace       used 31218K, committed 31872K, reserved 1114112K
  class space    used 3919K, committed 4224K, reserved 1048576K
}
Event: 389.571 GC heap after
{Heap after GC invocations=1895 (full 0):
 garbage-first heap   total 286720K, used 103992K [0x0000000702600000, 0x0000000800000000)
  region size 2048K, 1 young (2048K), 1 survivors (2048K)
 Metaspace       used 31218K, committed 31872K, reserved 1114112K
  class space    used 3919K, committed 4224K, reserved 1048576K
}
Event: 392.160 GC heap before
{Heap before GC invocations=1896 (full 0):
 garbage-first heap   total 430080K, used 425528K [0x0000000702600000, 0x0000000800000000)
  region size 2048K, 6 young (12288K), 1 survivors (2048K)
 Metaspace       used 31326K, committed 32000K, reserved 1114112K
  class space    used 3923K, committed 4224K, reserved 1048576K
}
Event: 392.162 GC heap after
{Heap after GC invocations=1897 (full 0):
 garbage-first heap   total 432128K, used 247528K [0x0000000702600000, 0x0000000800000000)
  region size 2048K, 1 young (2048K), 1 survivors (2048K)
 Metaspace       used 31326K, committed 32000K, reserved 1114112K
  class space    used 3923K, committed 4224K, reserved 1048576K
}

