# JRE version: Java(TM) SE Runtime Environment (20.0.1+9) (build 20.0.1+9-29)
# Java VM: Java HotSpot(TM) 64-Bit Server VM (20.0.1+9-29, mixed mode, sharing, tiered, compressed oops, compressed class ptrs, g1 gc, windows-amd64)
GC Precious Log:
 CardTable entry size: 512
 Card Set container configuration: InlinePtr #cards 4 size 8 Array Of Cards #cards 16 size 48 Howl #buckets 8 coarsen threshold 3686 Howl Bitmap #cards 512 size 80 coarsen threshold 460 Card regions per heap region 1 cards per card region 4096
 CPUs: 8 total, 8 available
 Memory: 16225M
 Large Page Support: Disabled
 NUMA Support: Disabled
 Compressed Oops: Enabled (Zero based)
 Heap Region Size: 2M
 Heap Min Capacity: 8M
 Heap Initial Capacity: 254M
 Heap Max Capacity: 4058M
 Pre-touch: Disabled
 Parallel Workers: 8
 Concurrent Workers: 2
 Concurrent Refinement Workers: 8
 Periodic GC: Disabled
Heap:
 garbage-first heap   total 528384K, used 393315K [0x0000000702600000, 0x0000000800000000)
  region size 2048K, 5 young (10240K), 1 survivors (2048K)
 Metaspace       used 28915K, committed 29312K, reserved 1114112K
  class space    used 3726K, committed 3904K, reserved 1048576K
GC Heap History (20 events):
Event: 537.456 GC heap before
{Heap before GC invocations=1123 (full 0):
 garbage-first heap   total 382976K, used 378948K [0x0000000702600000, 0x0000000800000000)
  region size 2048K, 4 young (8192K), 1 survivors (2048K)
 Metaspace       used 28905K, committed 29312K, reserved 1114112K
  class space    used 3724K, committed 3904K, reserved 1048576K
}
Event: 537.457 GC heap after
{Heap after GC invocations=1124 (full 0):
 garbage-first heap   total 387072K, used 159804K [0x0000000702600000, 0x0000000800000000)
  region size 2048K, 1 young (2048K), 1 survivors (2048K)
 Metaspace       used 28905K, committed 29312K, reserved 1114112K
  class space    used 3724K, committed 3904K, reserved 1048576K
}
Event: 537.473 GC heap before
{Heap before GC invocations=1124 (full 0):
 garbage-first heap   total 387072K, used 161852K [0x0000000702600000, 0x0000000800000000)
  region size 2048K, 3 young (6144K), 1 survivors (2048K)
 Metaspace       used 28905K, committed 29312K, reserved 1114112K
  class space    used 3724K, committed 3904K, reserved 1048576K
}
Event: 537.474 GC heap after
{Heap after GC invocations=1125 (full 0):
 garbage-first heap   total 387072K, used 88092K [0x0000000702600000, 0x0000000800000000)
  region size 2048K, 1 young (2048K), 1 survivors (2048K)
 Metaspace       used 28905K, committed 29312K, reserved 1114112K
  class space    used 3724K, committed 3904K, reserved 1048576K
}
Event: 539.752 GC heap before
{Heap before GC invocations=1126 (full 0):
 garbage-first heap   total 380928K, used 376860K [0x0000000702600000, 0x0000000800000000)
  region size 2048K, 4 young (8192K), 1 survivors (2048K)
 Metaspace       used 28905K, committed 29312K, reserved 1114112K
  class space    used 3724K, committed 3904K, reserved 1048576K
}
Event: 539.753 GC heap after
{Heap after GC invocations=1127 (full 0):
 garbage-first heap   total 382976K, used 229444K [0x0000000702600000, 0x0000000800000000)
  region size 2048K, 1 young (2048K), 1 survivors (2048K)
 Metaspace       used 28905K, committed 29312K, reserved 1114112K
  class space    used 3724K, committed 3904K, reserved 1048576K
}
Event: 542.084 GC heap before
{Heap before GC invocations=1127 (full 0):
 garbage-first heap   total 526336K, used 522308K [0x0000000702600000, 0x0000000800000000)
  region size 2048K, 4 young (8192K), 1 survivors (2048K)
 Metaspace       used 28905K, committed 29312K, reserved 1114112K
  class space    used 3724K, committed 3904K, reserved 1048576K
}
Event: 542.085 GC heap after
{Heap after GC invocations=1128 (full 0):
 garbage-first heap   total 530432K, used 231513K [0x0000000702600000, 0x0000000800000000)
  region size 2048K, 1 young (2048K), 1 survivors (2048K)
 Metaspace       used 28905K, committed 29312K, reserved 1114112K
  class space    used 3724K, committed 3904K, reserved 1048576K
}
Event: 542.112 GC heap before
{Heap before GC invocations=1128 (full 0):
 garbage-first heap   total 530432K, used 233561K [0x0000000702600000, 0x0000000800000000)
  region size 2048K, 3 young (6144K), 1 survivors (2048K)
 Metaspace       used 28905K, committed 29312K, reserved 1114112K
  class space    used 3724K, committed 3904K, reserved 1048576K
}
Event: 542.113 GC heap after
{Heap after GC invocations=1129 (full 0):
 garbage-first heap   total 530432K, used 88104K [0x0000000702600000, 0x0000000800000000)
  region size 2048K, 1 young (2048K), 1 survivors (2048K)
 Metaspace       used 28905K, committed 29312K, reserved 1114112K
  class space    used 3724K, committed 3904K, reserved 1048576K
}
Event: 542.114 GC heap before
{Heap before GC invocations=1129 (full 0):
 garbage-first heap   total 530432K, used 90152K [0x0000000702600000, 0x0000000800000000)
  region size 2048K, 2 young (4096K), 1 survivors (2048K)
 Metaspace       used 28905K, committed 29312K, reserved 1114112K
  class space    used 3724K, committed 3904K, reserved 1048576K
}
Event: 542.115 GC heap after
{Heap after GC invocations=1130 (full 0):
 garbage-first heap   total 530432K, used 90150K [0x0000000702600000, 0x0000000800000000)
  region size 2048K, 1 young (2048K), 1 survivors (2048K)
 Metaspace       used 28905K, committed 29312K, reserved 1114112K
  class space    used 3724K, committed 3904K, reserved 1048576K
}
Event: 544.217 GC heap before
{Heap before GC invocations=1131 (full 0):
 garbage-first heap   total 360448K, used 356390K [0x0000000702600000, 0x0000000800000000)
  region size 2048K, 4 young (8192K), 1 survivors (2048K)
 Metaspace       used 28905K, committed 29312K, reserved 1114112K
  class space    used 3724K, committed 3904K, reserved 1048576K
}
Event: 544.218 GC heap after
{Heap after GC invocations=1132 (full 0):
 garbage-first heap   total 436224K, used 221256K [0x0000000702600000, 0x0000000800000000)
  region size 2048K, 1 young (2048K), 1 survivors (2048K)
 Metaspace       used 28905K, committed 29312K, reserved 1114112K
  class space    used 3724K, committed 3904K, reserved 1048576K
}
Event: 547.783 GC heap before
{Heap before GC invocations=1132 (full 0):
 garbage-first heap   total 671744K, used 667720K [0x0000000702600000, 0x0000000800000000)
  region size 2048K, 5 young (10240K), 1 survivors (2048K)
 Metaspace       used 28905K, committed 29312K, reserved 1114112K
  class space    used 3724K, committed 3904K, reserved 1048576K
}
Event: 547.784 GC heap after
{Heap after GC invocations=1133 (full 0):
 garbage-first heap   total 675840K, used 307307K [0x0000000702600000, 0x0000000800000000)
  region size 2048K, 1 young (2048K), 1 survivors (2048K)
 Metaspace       used 28905K, committed 29312K, reserved 1114112K
  class space    used 3724K, committed 3904K, reserved 1048576K
}
Event: 547.808 GC heap before
{Heap before GC invocations=1133 (full 0):
 garbage-first heap   total 675840K, used 309355K [0x0000000702600000, 0x0000000800000000)
  region size 2048K, 3 young (6144K), 1 survivors (2048K)
 Metaspace       used 28905K, committed 29312K, reserved 1114112K
  class space    used 3724K, committed 3904K, reserved 1048576K
}
Event: 547.810 GC heap after
{Heap after GC invocations=1134 (full 0):
 garbage-first heap   total 675840K, used 88109K [0x0000000702600000, 0x0000000800000000)
  region size 2048K, 1 young (2048K), 1 survivors (2048K)
 Metaspace       used 28905K, committed 29312K, reserved 1114112K
  class space    used 3724K, committed 3904K, reserved 1048576K
}
Event: 551.266 GC heap before
{Heap before GC invocations=1135 (full 0):
 garbage-first heap   total 526336K, used 522285K [0x0000000702600000, 0x0000000800000000)
  region size 2048K, 5 young (10240K), 1 survivors (2048K)
 Metaspace       used 28905K, committed 29312K, reserved 1114112K
  class space    used 3724K, committed 3904K, reserved 1048576K
}
Event: 551.267 GC heap after
{Heap after GC invocations=1136 (full 0):
 garbage-first heap   total 528384K, used 301155K [0x0000000702600000, 0x0000000800000000)
  region size 2048K, 1 young (2048K), 1 survivors (2048K)
 Metaspace       used 28905K, committed 29312K, reserved 1114112K
  class space    used 3724K, committed 3904K, reserved 1048576K
}

